<?xml version="1.0" encoding="UTF-8"?>
<!-- Generated by org.testng.reporters.JUnitXMLReporter -->
<testsuite hostname="FT-DESKTOP-019" ignored="0" name="Check Login to Transaction Document Page" tests="2" failures="0" timestamp="19 Jan 2018 05:17:29 GMT" time="28.974" errors="0">
  <testcase name="navigateToTransactionDocument" time="11.07" classname="com.yantra.auto.yrms.scripts.TransactionDocument_Script"/>
  <testcase name="checkTotalTransactionCount" time="3.069" classname="com.yantra.auto.yrms.scripts.TransactionDocument_Script"/>
</testsuite> <!-- Check Login to Transaction Document Page -->
