<?xml version="1.0" encoding="UTF-8"?>
<!-- Generated by org.testng.reporters.JUnitXMLReporter -->
<testsuite hostname="FT-DESKTOP-019" ignored="0" name="Check Login to Transaction Document And Rules" tests="5" failures="0" timestamp="19 Jan 2018 05:25:51 GMT" time="38.571" errors="0">
  <testcase name="navigateToTransactionDocument" time="7.313" classname="com.yantra.auto.yrms.scripts.TransactionDocument_Script"/>
  <testcase name="testNavigateToRulesPage" time="1.928" classname="com.yantra.auto.yrms.scripts.RulesPage_Script"/>
  <testcase name="checkTotalTransactionCount" time="2.081" classname="com.yantra.auto.yrms.scripts.TransactionDocument_Script"/>
  <testcase name="testNavigateToAddRulePage" time="2.008" classname="com.yantra.auto.yrms.scripts.RulesPage_Script"/>
  <testcase name="testMasterHolderNameRule" time="6.584" classname="com.yantra.auto.yrms.scripts.RulesPage_Script"/>
</testsuite> <!-- Check Login to Transaction Document And Rules -->
