<?xml version="1.0" encoding="UTF-8"?>
<!-- Generated by org.testng.reporters.JUnitXMLReporter -->
<testsuite hostname="FT-DESKTOP-019" name="Sanity Tests" tests="42" failures="6" timestamp="11 May 2018 07:25:46 GMT" time="546.064" errors="0">
  <testcase name="testNavigateToRulesPage" time="2.889" classname="com.yantra.auto.yrms.scripts.RulesPage_Script"/>
  <testcase name="testNavigateToAddRulePage" time="5.132" classname="com.yantra.auto.yrms.scripts.RulesPage_Script"/>
  <testcase name="testMasterHolderNameRule" time="10.278" classname="com.yantra.auto.yrms.scripts.RulesPage_Script"/>
  <testcase name="testSecondaryHolderNameRule" time="10.127" classname="com.yantra.auto.yrms.scripts.RulesPage_Script"/>
  <testcase name="testMasterHolderIDRule" time="10.215" classname="com.yantra.auto.yrms.scripts.RulesPage_Script"/>
  <testcase name="testSecondaryHolderIDRule" time="8.96" classname="com.yantra.auto.yrms.scripts.RulesPage_Script"/>
  <testcase name="testMasterDOBRule" time="10.11" classname="com.yantra.auto.yrms.scripts.RulesPage_Script"/>
  <testcase name="testMasterDOERule" time="9.6" classname="com.yantra.auto.yrms.scripts.RulesPage_Script"/>
  <testcase name="testSecondaryDOBRule" time="9.381" classname="com.yantra.auto.yrms.scripts.RulesPage_Script"/>
  <testcase name="testSecondaryDOERule" time="10.066" classname="com.yantra.auto.yrms.scripts.RulesPage_Script"/>
  <testcase name="testMFPIPRule" time="10.764" classname="com.yantra.auto.yrms.scripts.RulesPage_Script"/>
  <testcase name="testMFPMACRule" time="9.664" classname="com.yantra.auto.yrms.scripts.RulesPage_Script"/>
  <testcase name="testTransactionNumberRule" time="9.982" classname="com.yantra.auto.yrms.scripts.RulesPage_Script"/>
  <testcase name="testTransactionCodeRule" time="9.669" classname="com.yantra.auto.yrms.scripts.RulesPage_Script"/>
  <testcase name="testSettlementTypeRule" time="9.106" classname="com.yantra.auto.yrms.scripts.RulesPage_Script"/>
  <testcase name="testProcessingCodeRule" time="10.503" classname="com.yantra.auto.yrms.scripts.RulesPage_Script"/>
  <testcase name="testOriginCountryCodeRule" time="9.42" classname="com.yantra.auto.yrms.scripts.RulesPage_Script"/>
  <testcase name="testReceivingCountryCodeRule" time="10.626" classname="com.yantra.auto.yrms.scripts.RulesPage_Script"/>
  <testcase name="testMasterHolderCityRule" time="9.795" classname="com.yantra.auto.yrms.scripts.RulesPage_Script"/>
  <testcase name="testMasterHolderStateRule" time="10.037" classname="com.yantra.auto.yrms.scripts.RulesPage_Script"/>
  <testcase name="testMasterHolderZipCodeRule" time="10.03" classname="com.yantra.auto.yrms.scripts.RulesPage_Script"/>
  <testcase name="testMasterHolderCountryCodeRule" time="10.028" classname="com.yantra.auto.yrms.scripts.RulesPage_Script"/>
  <testcase name="testSecondaryHolderCityRule" time="8.788" classname="com.yantra.auto.yrms.scripts.RulesPage_Script"/>
  <testcase name="testSecondaryHolderStateRule" time="10.128" classname="com.yantra.auto.yrms.scripts.RulesPage_Script"/>
  <testcase name="testSecondaryHolderZipCodeRule" time="10.683" classname="com.yantra.auto.yrms.scripts.RulesPage_Script"/>
  <testcase name="testSecondaryHolderCountryCodeRule" time="9.121" classname="com.yantra.auto.yrms.scripts.RulesPage_Script"/>
  <testcase name="testMasterAccountNumberRule" time="10.305" classname="com.yantra.auto.yrms.scripts.RulesPage_Script"/>
  <testcase name="testMasterAccountTypeRule" time="9.052" classname="com.yantra.auto.yrms.scripts.RulesPage_Script"/>
  <testcase name="testMasterAccountStatusRule" time="9.496" classname="com.yantra.auto.yrms.scripts.RulesPage_Script"/>
  <testcase name="testMasterCurrencyCodeRule" time="9.766" classname="com.yantra.auto.yrms.scripts.RulesPage_Script"/>
  <testcase name="testSecondaryAccountNumberRule" time="8.654" classname="com.yantra.auto.yrms.scripts.RulesPage_Script"/>
  <testcase name="testSecondaryAccountTypeRule" time="9.934" classname="com.yantra.auto.yrms.scripts.RulesPage_Script"/>
  <testcase name="testSecondaryAccountStatusRule" time="9.44" classname="com.yantra.auto.yrms.scripts.RulesPage_Script"/>
  <testcase name="testSecondaryAccountCurrencyCodeRule" time="9.922" classname="com.yantra.auto.yrms.scripts.RulesPage_Script"/>
  <testcase name="testMasterAccountRunningBalanceRule" time="9.212" classname="com.yantra.auto.yrms.scripts.RulesPage_Script">
    <failure type="java.lang.AssertionError" message="expected [207] but found [0]">
      <![CDATA[java.lang.AssertionError: expected [207] but found [0]
	at com.yantra.auto.yrms.ui.pages.TransactionDocument.navigateToTransactionRiskReportPage(TransactionDocument.java:113)
	at com.yantra.auto.yrms.scripts.RulesPage_Script.testMasterAccountRunningBalanceRule(RulesPage_Script.java:633)
... Removed 29 stack frames]]>
    </failure>
  </testcase> <!-- testMasterAccountRunningBalanceRule -->
  <testcase name="testMasterAccountTrialBalanceRule" time="9.243" classname="com.yantra.auto.yrms.scripts.RulesPage_Script">
    <failure type="java.lang.AssertionError" message="expected [208] but found [0]">
      <![CDATA[java.lang.AssertionError: expected [208] but found [0]
	at com.yantra.auto.yrms.ui.pages.TransactionDocument.navigateToTransactionRiskReportPage(TransactionDocument.java:113)
	at com.yantra.auto.yrms.scripts.RulesPage_Script.testMasterAccountTrialBalanceRule(RulesPage_Script.java:651)
... Removed 29 stack frames]]>
    </failure>
  </testcase> <!-- testMasterAccountTrialBalanceRule -->
  <testcase name="testMasterAccountHoldBalanceRule" time="9.195" classname="com.yantra.auto.yrms.scripts.RulesPage_Script">
    <failure type="java.lang.AssertionError" message="expected [209] but found [0]">
      <![CDATA[java.lang.AssertionError: expected [209] but found [0]
	at com.yantra.auto.yrms.ui.pages.TransactionDocument.navigateToTransactionRiskReportPage(TransactionDocument.java:113)
	at com.yantra.auto.yrms.scripts.RulesPage_Script.testMasterAccountHoldBalanceRule(RulesPage_Script.java:669)
... Removed 29 stack frames]]>
    </failure>
  </testcase> <!-- testMasterAccountHoldBalanceRule -->
  <testcase name="testSecondaryAccountRunningBalanceRule" time="9.192" classname="com.yantra.auto.yrms.scripts.RulesPage_Script">
    <failure type="java.lang.AssertionError" message="expected [210] but found [0]">
      <![CDATA[java.lang.AssertionError: expected [210] but found [0]
	at com.yantra.auto.yrms.ui.pages.TransactionDocument.navigateToTransactionRiskReportPage(TransactionDocument.java:113)
	at com.yantra.auto.yrms.scripts.RulesPage_Script.testSecondaryAccountRunningBalanceRule(RulesPage_Script.java:687)
... Removed 29 stack frames]]>
    </failure>
  </testcase> <!-- testSecondaryAccountRunningBalanceRule -->
  <testcase name="testSecondaryAccountTrialBalanceRule" time="9.242" classname="com.yantra.auto.yrms.scripts.RulesPage_Script">
    <failure type="java.lang.AssertionError" message="expected [211] but found [0]">
      <![CDATA[java.lang.AssertionError: expected [211] but found [0]
	at com.yantra.auto.yrms.ui.pages.TransactionDocument.navigateToTransactionRiskReportPage(TransactionDocument.java:113)
	at com.yantra.auto.yrms.scripts.RulesPage_Script.testSecondaryAccountTrialBalanceRule(RulesPage_Script.java:705)
... Removed 29 stack frames]]>
    </failure>
  </testcase> <!-- testSecondaryAccountTrialBalanceRule -->
  <testcase name="testSecondaryAccountHoldBalanceRule" time="9.293" classname="com.yantra.auto.yrms.scripts.RulesPage_Script">
    <failure type="java.lang.AssertionError" message="expected [212] but found [0]">
      <![CDATA[java.lang.AssertionError: expected [212] but found [0]
	at com.yantra.auto.yrms.ui.pages.TransactionDocument.navigateToTransactionRiskReportPage(TransactionDocument.java:113)
	at com.yantra.auto.yrms.scripts.RulesPage_Script.testSecondaryAccountHoldBalanceRule(RulesPage_Script.java:723)
... Removed 29 stack frames]]>
    </failure>
  </testcase> <!-- testSecondaryAccountHoldBalanceRule -->
  <testcase name="testDormantAccount" time="11.311" classname="com.yantra.auto.yrms.scripts.RulesPage_Script"/>
  <testcase name="testTLimits" time="10.131" classname="com.yantra.auto.yrms.scripts.RulesPage_Script"/>
</testsuite> <!-- Sanity Tests -->
