<?xml version="1.0" encoding="UTF-8"?>
<!-- Generated by org.testng.reporters.JUnitXMLReporter -->
<testsuite hostname="FT-DESKTOP-019" ignored="0" name="Check Login to Transaction Document Page" tests="2" failures="0" timestamp="27 Dec 2017 11:29:53 GMT" time="20.866" errors="0">
  <testcase name="navigateToTransactionDocument" time="8.357" classname="com.yantra.auto.yrms.scripts.TransactionDocument_Script"/>
  <testcase name="checkTotalTransactionCount" time="2.463" classname="com.yantra.auto.yrms.scripts.TransactionDocument_Script"/>
</testsuite> <!-- Check Login to Transaction Document Page -->
